============================= test session starts =============================
platform win32 -- Python 3.12.7, pytest-8.4.2, pluggy-1.6.0 -- D:\Dev\kittygram_final\venv\Scripts\python.exe
rootdir: D:\Dev\kittygram_final
configfile: pytest.ini
testpaths: tests/
collecting ... collected 13 items

tests/test_connection.py::test_link_connection[taski_domain] FAILED      [  7%]
tests/test_connection.py::test_link_connection[kittygram_domain] FAILED  [ 15%]
tests/test_connection.py::test_projects_on_same_ip FAILED                [ 23%]
tests/test_connection.py::test_kittygram_static_is_available FAILED      [ 30%]
tests/test_connection.py::test_kittygram_api_available PASSED            [ 38%]
tests/test_dockerhub_images.py::test_dockerhub_images_exist PASSED       [ 46%]
tests/test_files.py::test_infra_files_exist PASSED                       [ 53%]
tests/test_files.py::test_deploy_info_file_content PASSED                [ 61%]
tests/test_files.py::test_backend_dockerfile_exists PASSED               [ 69%]
tests/test_files.py::test_backend_dokerfile_content PASSED               [ 76%]
tests/test_files.py::test_workflow_file PASSED                           [ 84%]
tests/test_files.py::test_requirements_location PASSED                   [ 92%]
tests/test_files.py::test_docker_compose_prod_file_exists PASSED         [100%]

================================== FAILURES ===================================
_____________________ test_link_connection[taski_domain] ______________________

self = <urllib3.connectionpool.HTTPSConnectionPool object at 0x000001CD85282090>
method = 'GET', url = '/', body = None
headers = {'User-Agent': 'python-requests/2.32.5', 'Accept-Encoding': 'gzip, deflate', 'Accept': '*/*', 'Connection': 'keep-alive'}
retries = Retry(total=0, connect=None, read=False, redirect=None, status=None)
redirect = False, assert_same_host = False
timeout = Timeout(connect=15, read=15, total=None), pool_timeout = None
release_conn = False, chunked = False, body_pos = None, preload_content = False
decode_content = False, response_kw = {}
parsed_url = Url(scheme=None, auth=None, host=None, port=None, path='/', query=None, fragment=None)
destination_scheme = None, conn = None, release_this_conn = True
http_tunnel_required = True, err = None, clean_exit = False

    def urlopen(  # type: ignore[override]
        self,
        method: str,
        url: str,
        body: _TYPE_BODY | None = None,
        headers: typing.Mapping[str, str] | None = None,
        retries: Retry | bool | int | None = None,
        redirect: bool = True,
        assert_same_host: bool = True,
        timeout: _TYPE_TIMEOUT = _DEFAULT_TIMEOUT,
        pool_timeout: int | None = None,
        release_conn: bool | None = None,
        chunked: bool = False,
        body_pos: _TYPE_BODY_POSITION | None = None,
        preload_content: bool = True,
        decode_content: bool = True,
        **response_kw: typing.Any,
    ) -> BaseHTTPResponse:
        """
        Get a connection from the pool and perform an HTTP request. This is the
        lowest level call for making a request, so you'll need to specify all
        the raw details.
    
        .. note::
    
           More commonly, it's appropriate to use a convenience method
           such as :meth:`request`.
    
        .. note::
    
           `release_conn` will only behave as expected if
           `preload_content=False` because we want to make
           `preload_content=False` the default behaviour someday soon without
           breaking backwards compatibility.
    
        :param method:
            HTTP request method (such as GET, POST, PUT, etc.)
    
        :param url:
            The URL to perform the request on.
    
        :param body:
            Data to send in the request body, either :class:`str`, :class:`bytes`,
            an iterable of :class:`str`/:class:`bytes`, or a file-like object.
    
        :param headers:
            Dictionary of custom headers to send, such as User-Agent,
            If-None-Match, etc. If None, pool headers are used. If provided,
            these headers completely replace any pool-specific headers.
    
        :param retries:
            Configure the number of retries to allow before raising a
            :class:`~urllib3.exceptions.MaxRetryError` exception.
    
            If ``None`` (default) will retry 3 times, see ``Retry.DEFAULT``. Pass a
            :class:`~urllib3.util.retry.Retry` object for fine-grained control
            over different types of retries.
            Pass an integer number to retry connection errors that many times,
            but no other types of errors. Pass zero to never retry.
    
            If ``False``, then retries are disabled and any exception is raised
            immediately. Also, instead of raising a MaxRetryError on redirects,
            the redirect response will be returned.
    
        :type retries: :class:`~urllib3.util.retry.Retry`, False, or an int.
    
        :param redirect:
            If True, automatically handle redirects (status codes 301, 302,
            303, 307, 308). Each redirect counts as a retry. Disabling retries
            will disable redirect, too.
    
        :param assert_same_host:
            If ``True``, will make sure that the host of the pool requests is
            consistent else will raise HostChangedError. When ``False``, you can
            use the pool on an HTTP proxy and request foreign hosts.
    
        :param timeout:
            If specified, overrides the default timeout for this one
            request. It may be a float (in seconds) or an instance of
            :class:`urllib3.util.Timeout`.
    
        :param pool_timeout:
            If set and the pool is set to block=True, then this method will
            block for ``pool_timeout`` seconds and raise EmptyPoolError if no
            connection is available within the time period.
    
        :param bool preload_content:
            If True, the response's body will be preloaded into memory.
    
        :param bool decode_content:
            If True, will attempt to decode the body based on the
            'content-encoding' header.
    
        :param release_conn:
            If False, then the urlopen call will not release the connection
            back into the pool once a response is received (but will release if
            you read the entire contents of the response such as when
            `preload_content=True`). This is useful if you're not preloading
            the response's content immediately. You will need to call
            ``r.release_conn()`` on the response ``r`` to return the connection
            back into the pool. If None, it takes the value of ``preload_content``
            which defaults to ``True``.
    
        :param bool chunked:
            If True, urllib3 will send the body using chunked transfer
            encoding. Otherwise, urllib3 will send the body using the standard
            content-length form. Defaults to False.
    
        :param int body_pos:
            Position to seek to in file-like body in the event of a retry or
            redirect. Typically this won't need to be set because urllib3 will
            auto-populate the value when needed.
        """
        parsed_url = parse_url(url)
        destination_scheme = parsed_url.scheme
    
        if headers is None:
            headers = self.headers
    
        if not isinstance(retries, Retry):
            retries = Retry.from_int(retries, redirect=redirect, default=self.retries)
    
        if release_conn is None:
            release_conn = preload_content
    
        # Check host
        if assert_same_host and not self.is_same_host(url):
            raise HostChangedError(self, url, retries)
    
        # Ensure that the URL we're connecting to is properly encoded
        if url.startswith("/"):
            url = to_str(_encode_target(url))
        else:
            url = to_str(parsed_url.url)
    
        conn = None
    
        # Track whether `conn` needs to be released before
        # returning/raising/recursing. Update this variable if necessary, and
        # leave `release_conn` constant throughout the function. That way, if
        # the function recurses, the original value of `release_conn` will be
        # passed down into the recursive call, and its value will be respected.
        #
        # See issue #651 [1] for details.
        #
        # [1] <https://github.com/urllib3/urllib3/issues/651>
        release_this_conn = release_conn
    
        http_tunnel_required = connection_requires_http_tunnel(
            self.proxy, self.proxy_config, destination_scheme
        )
    
        # Merge the proxy headers. Only done when not using HTTP CONNECT. We
        # have to copy the headers dict so we can safely change it without those
        # changes being reflected in anyone else's copy.
        if not http_tunnel_required:
            headers = headers.copy()  # type: ignore[attr-defined]
            headers.update(self.proxy_headers)  # type: ignore[union-attr]
    
        # Must keep the exception bound to a separate variable or else Python 3
        # complains about UnboundLocalError.
        err = None
    
        # Keep track of whether we cleanly exited the except block. This
        # ensures we do proper cleanup in finally.
        clean_exit = False
    
        # Rewind body position, if needed. Record current position
        # for future rewinds in the event of a redirect/retry.
        body_pos = set_file_position(body, body_pos)
    
        try:
            # Request a connection from the queue.
            timeout_obj = self._get_timeout(timeout)
            conn = self._get_conn(timeout=pool_timeout)
    
            conn.timeout = timeout_obj.connect_timeout  # type: ignore[assignment]
    
            # Is this a closed/new connection that requires CONNECT tunnelling?
            if self.proxy is not None and http_tunnel_required and conn.is_closed:
                try:
>                   self._prepare_proxy(conn)

venv\Lib\site-packages\urllib3\connectionpool.py:773: 
_ _ _ _ _ _ _ _ _ _ _ _ _ _ _ _ _ _ _ _ _ _ _ _ _ _ _ _ _ _ _ _ _ _ _ _ _ _ _ _
venv\Lib\site-packages\urllib3\connectionpool.py:1042: in _prepare_proxy
    conn.connect()
venv\Lib\site-packages\urllib3\connection.py:790: in connect
    sock_and_verified = _ssl_wrap_socket_and_match_hostname(
venv\Lib\site-packages\urllib3\connection.py:969: in _ssl_wrap_socket_and_match_hostname
    ssl_sock = ssl_wrap_socket(
venv\Lib\site-packages\urllib3\util\ssl_.py:480: in ssl_wrap_socket
    ssl_sock = _ssl_wrap_socket_impl(sock, context, tls_in_tls, server_hostname)
               ^^^^^^^^^^^^^^^^^^^^^^^^^^^^^^^^^^^^^^^^^^^^^^^^^^^^^^^^^^^^^^^^^
venv\Lib\site-packages\urllib3\util\ssl_.py:524: in _ssl_wrap_socket_impl
    return ssl_context.wrap_socket(sock, server_hostname=server_hostname)
           ^^^^^^^^^^^^^^^^^^^^^^^^^^^^^^^^^^^^^^^^^^^^^^^^^^^^^^^^^^^^^^
C:\Users\lager\AppData\Local\Programs\Python\Python312\Lib\ssl.py:455: in wrap_socket
    return self.sslsocket_class._create(
C:\Users\lager\AppData\Local\Programs\Python\Python312\Lib\ssl.py:1041: in _create
    self.do_handshake()
_ _ _ _ _ _ _ _ _ _ _ _ _ _ _ _ _ _ _ _ _ _ _ _ _ _ _ _ _ _ _ _ _ _ _ _ _ _ _ _

self = <ssl.SSLSocket [closed] fd=-1, family=2, type=1, proto=0>, block = False

    @_sslcopydoc
    def do_handshake(self, block=False):
        self._check_connected()
        timeout = self.gettimeout()
        try:
            if timeout == 0.0 and block:
                self.settimeout(None)
>           self._sslobj.do_handshake()
E           TimeoutError: _ssl.c:983: The handshake operation timed out

C:\Users\lager\AppData\Local\Programs\Python\Python312\Lib\ssl.py:1319: TimeoutError

The above exception was the direct cause of the following exception:

self = <requests.adapters.HTTPAdapter object at 0x000001CD82F12C00>
request = <PreparedRequest [GET]>, stream = False
timeout = Timeout(connect=15, read=15, total=None), verify = True, cert = None
proxies = OrderedDict({'http': 'http://127.0.0.1:7897', 'https': 'http://127.0.0.1:7897', 'ftp': 'http://127.0.0.1:7897'})

    def send(
        self, request, stream=False, timeout=None, verify=True, cert=None, proxies=None
    ):
        """Sends PreparedRequest object. Returns Response object.
    
        :param request: The :class:`PreparedRequest <PreparedRequest>` being sent.
        :param stream: (optional) Whether to stream the request content.
        :param timeout: (optional) How long to wait for the server to send
            data before giving up, as a float, or a :ref:`(connect timeout,
            read timeout) <timeouts>` tuple.
        :type timeout: float or tuple or urllib3 Timeout object
        :param verify: (optional) Either a boolean, in which case it controls whether
            we verify the server's TLS certificate, or a string, in which case it
            must be a path to a CA bundle to use
        :param cert: (optional) Any user-provided SSL certificate to be trusted.
        :param proxies: (optional) The proxies dictionary to apply to the request.
        :rtype: requests.Response
        """
    
        try:
            conn = self.get_connection_with_tls_context(
                request, verify, proxies=proxies, cert=cert
            )
        except LocationValueError as e:
            raise InvalidURL(e, request=request)
    
        self.cert_verify(conn, request.url, verify, cert)
        url = self.request_url(request, proxies)
        self.add_headers(
            request,
            stream=stream,
            timeout=timeout,
            verify=verify,
            cert=cert,
            proxies=proxies,
        )
    
        chunked = not (request.body is None or "Content-Length" in request.headers)
    
        if isinstance(timeout, tuple):
            try:
                connect, read = timeout
                timeout = TimeoutSauce(connect=connect, read=read)
            except ValueError:
                raise ValueError(
                    f"Invalid timeout {timeout}. Pass a (connect, read) timeout tuple, "
                    f"or a single float to set both timeouts to the same value."
                )
        elif isinstance(timeout, TimeoutSauce):
            pass
        else:
            timeout = TimeoutSauce(connect=timeout, read=timeout)
    
        try:
>           resp = conn.urlopen(
                method=request.method,
                url=url,
                body=request.body,
                headers=request.headers,
                redirect=False,
                assert_same_host=False,
                preload_content=False,
                decode_content=False,
                retries=self.max_retries,
                timeout=timeout,
                chunked=chunked,
            )

venv\Lib\site-packages\requests\adapters.py:644: 
_ _ _ _ _ _ _ _ _ _ _ _ _ _ _ _ _ _ _ _ _ _ _ _ _ _ _ _ _ _ _ _ _ _ _ _ _ _ _ _
venv\Lib\site-packages\urllib3\connectionpool.py:841: in urlopen
    retries = retries.increment(
venv\Lib\site-packages\urllib3\util\retry.py:474: in increment
    raise reraise(type(error), error, _stacktrace)
          ^^^^^^^^^^^^^^^^^^^^^^^^^^^^^^^^^^^^^^^^
venv\Lib\site-packages\urllib3\util\util.py:39: in reraise
    raise value
venv\Lib\site-packages\urllib3\connectionpool.py:775: in urlopen
    self._raise_timeout(
_ _ _ _ _ _ _ _ _ _ _ _ _ _ _ _ _ _ _ _ _ _ _ _ _ _ _ _ _ _ _ _ _ _ _ _ _ _ _ _

self = <urllib3.connectionpool.HTTPSConnectionPool object at 0x000001CD85282090>
err = TimeoutError('_ssl.c:983: The handshake operation timed out')
url = 'http://127.0.0.1:7897', timeout_value = 15

    def _raise_timeout(
        self,
        err: BaseSSLError | OSError | SocketTimeout,
        url: str,
        timeout_value: _TYPE_TIMEOUT | None,
    ) -> None:
        """Is the error actually a timeout? Will raise a ReadTimeout or pass"""
    
        if isinstance(err, SocketTimeout):
>           raise ReadTimeoutError(
                self, url, f"Read timed out. (read timeout={timeout_value})"
            ) from err
E           urllib3.exceptions.ReadTimeoutError: HTTPSConnectionPool(host='taski-docker10.duckdns.org', port=443): Read timed out. (read timeout=15)

venv\Lib\site-packages\urllib3\connectionpool.py:367: ReadTimeoutError

During handling of the above exception, another exception occurred:

deploy_file_info = (WindowsPath('D:/Dev/kittygram_final/tests.yml'), 'tests.yml')
deploy_info_file_content = {'dockerhub_username': 'pavellagerev', 'kittygram_domain': 'https://kittygram-final10.duckdns.org', 'repo_owner': 'Chashkapluy1', 'taski_domain': 'https://taski-docker10.duckdns.org'}
link_key = 'taski_domain'

    def test_link_connection(
            deploy_file_info: tuple[Path, str],
            deploy_info_file_content: dict[str, str],
            link_key: str
    ) -> None:
        link = _get_validated_link(deploy_file_info, deploy_info_file_content,
                                   link_key)
>       response = _make_safe_request(link)
                   ^^^^^^^^^^^^^^^^^^^^^^^^

tests\test_connection.py:69: 
_ _ _ _ _ _ _ _ _ _ _ _ _ _ _ _ _ _ _ _ _ _ _ _ _ _ _ _ _ _ _ _ _ _ _ _ _ _ _ _
tests\test_connection.py:39: in _make_safe_request
    response = requests.get(link, stream=stream, timeout=15)
               ^^^^^^^^^^^^^^^^^^^^^^^^^^^^^^^^^^^^^^^^^^^^^
venv\Lib\site-packages\requests\api.py:73: in get
    return request("get", url, params=params, **kwargs)
           ^^^^^^^^^^^^^^^^^^^^^^^^^^^^^^^^^^^^^^^^^^^^
venv\Lib\site-packages\requests\api.py:59: in request
    return session.request(method=method, url=url, **kwargs)
           ^^^^^^^^^^^^^^^^^^^^^^^^^^^^^^^^^^^^^^^^^^^^^^^^^
venv\Lib\site-packages\requests\sessions.py:589: in request
    resp = self.send(prep, **send_kwargs)
           ^^^^^^^^^^^^^^^^^^^^^^^^^^^^^^
venv\Lib\site-packages\requests\sessions.py:703: in send
    r = adapter.send(request, **kwargs)
        ^^^^^^^^^^^^^^^^^^^^^^^^^^^^^^^
_ _ _ _ _ _ _ _ _ _ _ _ _ _ _ _ _ _ _ _ _ _ _ _ _ _ _ _ _ _ _ _ _ _ _ _ _ _ _ _

self = <requests.adapters.HTTPAdapter object at 0x000001CD82F12C00>
request = <PreparedRequest [GET]>, stream = False
timeout = Timeout(connect=15, read=15, total=None), verify = True, cert = None
proxies = OrderedDict({'http': 'http://127.0.0.1:7897', 'https': 'http://127.0.0.1:7897', 'ftp': 'http://127.0.0.1:7897'})

    def send(
        self, request, stream=False, timeout=None, verify=True, cert=None, proxies=None
    ):
        """Sends PreparedRequest object. Returns Response object.
    
        :param request: The :class:`PreparedRequest <PreparedRequest>` being sent.
        :param stream: (optional) Whether to stream the request content.
        :param timeout: (optional) How long to wait for the server to send
            data before giving up, as a float, or a :ref:`(connect timeout,
            read timeout) <timeouts>` tuple.
        :type timeout: float or tuple or urllib3 Timeout object
        :param verify: (optional) Either a boolean, in which case it controls whether
            we verify the server's TLS certificate, or a string, in which case it
            must be a path to a CA bundle to use
        :param cert: (optional) Any user-provided SSL certificate to be trusted.
        :param proxies: (optional) The proxies dictionary to apply to the request.
        :rtype: requests.Response
        """
    
        try:
            conn = self.get_connection_with_tls_context(
                request, verify, proxies=proxies, cert=cert
            )
        except LocationValueError as e:
            raise InvalidURL(e, request=request)
    
        self.cert_verify(conn, request.url, verify, cert)
        url = self.request_url(request, proxies)
        self.add_headers(
            request,
            stream=stream,
            timeout=timeout,
            verify=verify,
            cert=cert,
            proxies=proxies,
        )
    
        chunked = not (request.body is None or "Content-Length" in request.headers)
    
        if isinstance(timeout, tuple):
            try:
                connect, read = timeout
                timeout = TimeoutSauce(connect=connect, read=read)
            except ValueError:
                raise ValueError(
                    f"Invalid timeout {timeout}. Pass a (connect, read) timeout tuple, "
                    f"or a single float to set both timeouts to the same value."
                )
        elif isinstance(timeout, TimeoutSauce):
            pass
        else:
            timeout = TimeoutSauce(connect=timeout, read=timeout)
    
        try:
            resp = conn.urlopen(
                method=request.method,
                url=url,
                body=request.body,
                headers=request.headers,
                redirect=False,
                assert_same_host=False,
                preload_content=False,
                decode_content=False,
                retries=self.max_retries,
                timeout=timeout,
                chunked=chunked,
            )
    
        except (ProtocolError, OSError) as err:
            raise ConnectionError(err, request=request)
    
        except MaxRetryError as e:
            if isinstance(e.reason, ConnectTimeoutError):
                # TODO: Remove this in 3.0.0: see #2811
                if not isinstance(e.reason, NewConnectionError):
                    raise ConnectTimeout(e, request=request)
    
            if isinstance(e.reason, ResponseError):
                raise RetryError(e, request=request)
    
            if isinstance(e.reason, _ProxyError):
                raise ProxyError(e, request=request)
    
            if isinstance(e.reason, _SSLError):
                # This branch is for urllib3 v1.22 and later.
                raise SSLError(e, request=request)
    
            raise ConnectionError(e, request=request)
    
        except ClosedPoolError as e:
            raise ConnectionError(e, request=request)
    
        except _ProxyError as e:
            raise ProxyError(e)
    
        except (_SSLError, _HTTPError) as e:
            if isinstance(e, _SSLError):
                # This branch is for urllib3 versions earlier than v1.22
                raise SSLError(e, request=request)
            elif isinstance(e, ReadTimeoutError):
>               raise ReadTimeout(e, request=request)
E               requests.exceptions.ReadTimeout: HTTPSConnectionPool(host='taski-docker10.duckdns.org', port=443): Read timed out. (read timeout=15)

venv\Lib\site-packages\requests\adapters.py:690: ReadTimeout
___________________ test_link_connection[kittygram_domain] ____________________

deploy_file_info = (WindowsPath('D:/Dev/kittygram_final/tests.yml'), 'tests.yml')
deploy_info_file_content = {'dockerhub_username': 'pavellagerev', 'kittygram_domain': 'https://kittygram-final10.duckdns.org', 'repo_owner': 'Chashkapluy1', 'taski_domain': 'https://taski-docker10.duckdns.org'}
link_key = 'kittygram_domain'

    def test_link_connection(
            deploy_file_info: tuple[Path, str],
            deploy_info_file_content: dict[str, str],
            link_key: str
    ) -> None:
        link = _get_validated_link(deploy_file_info, deploy_info_file_content,
                                   link_key)
>       response = _make_safe_request(link)
                   ^^^^^^^^^^^^^^^^^^^^^^^^

tests\test_connection.py:69: 
_ _ _ _ _ _ _ _ _ _ _ _ _ _ _ _ _ _ _ _ _ _ _ _ _ _ _ _ _ _ _ _ _ _ _ _ _ _ _ _

link = 'https://kittygram-final10.duckdns.org', stream = False

    def _make_safe_request(link: str, stream: bool = False) -> requests.Response:
        try:
            response = requests.get(link, stream=stream, timeout=15)
        except requests.exceptions.SSLError:
            raise AssertionError(
                f'Убедитесь, что настроили шифрование для `{link}`.'
            )
        except requests.exceptions.ConnectionError:
            raise AssertionError(
                f'Убедитесь, что URL `{link}` доступен.'
            )
        expected_status = HTTPStatus.OK
>       assert response.status_code == expected_status, (
            f'Убедитесь, что GET-запрос к `{link}` возвращает ответ со статусом '
            f'{int(expected_status)}.'
        )
E       AssertionError: Убедитесь, что GET-запрос к `https://kittygram-final10.duckdns.org` возвращает ответ со статусом 200.
E       assert 500 == <HTTPStatus.OK: 200>
E        +  where 500 = <Response [500]>.status_code

tests\test_connection.py:49: AssertionError
__________________________ test_projects_on_same_ip ___________________________

deploy_file_info = (WindowsPath('D:/Dev/kittygram_final/tests.yml'), 'tests.yml')
deploy_info_file_content = {'dockerhub_username': 'pavellagerev', 'kittygram_domain': 'https://kittygram-final10.duckdns.org', 'repo_owner': 'Chashkapluy1', 'taski_domain': 'https://taski-docker10.duckdns.org'}
kittygram_link_key = 'kittygram_domain', taski_link_key = 'taski_domain'

    def test_projects_on_same_ip(
            deploy_file_info: tuple[Path, str],
            deploy_info_file_content: dict[str, str],
            kittygram_link_key: str, taski_link_key: str
    ) -> None:
        links = [
            _get_validated_link(deploy_file_info, deploy_info_file_content,
                                link_key)
            for link_key in (kittygram_link_key, taski_link_key)
        ]
>       responses = [_make_safe_request(link, stream=True) for link in links]
                     ^^^^^^^^^^^^^^^^^^^^^^^^^^^^^^^^^^^^^

tests\test_connection.py:104: 
_ _ _ _ _ _ _ _ _ _ _ _ _ _ _ _ _ _ _ _ _ _ _ _ _ _ _ _ _ _ _ _ _ _ _ _ _ _ _ _

link = 'https://kittygram-final10.duckdns.org', stream = True

    def _make_safe_request(link: str, stream: bool = False) -> requests.Response:
        try:
            response = requests.get(link, stream=stream, timeout=15)
        except requests.exceptions.SSLError:
            raise AssertionError(
                f'Убедитесь, что настроили шифрование для `{link}`.'
            )
        except requests.exceptions.ConnectionError:
            raise AssertionError(
                f'Убедитесь, что URL `{link}` доступен.'
            )
        expected_status = HTTPStatus.OK
>       assert response.status_code == expected_status, (
            f'Убедитесь, что GET-запрос к `{link}` возвращает ответ со статусом '
            f'{int(expected_status)}.'
        )
E       AssertionError: Убедитесь, что GET-запрос к `https://kittygram-final10.duckdns.org` возвращает ответ со статусом 200.
E       assert 500 == <HTTPStatus.OK: 200>
E        +  where 500 = <Response [500]>.status_code

tests\test_connection.py:49: AssertionError
_____________________ test_kittygram_static_is_available ______________________

deploy_file_info = (WindowsPath('D:/Dev/kittygram_final/tests.yml'), 'tests.yml')
deploy_info_file_content = {'dockerhub_username': 'pavellagerev', 'kittygram_domain': 'https://kittygram-final10.duckdns.org', 'repo_owner': 'Chashkapluy1', 'taski_domain': 'https://taski-docker10.duckdns.org'}
kittygram_link_key = 'kittygram_domain'

    def test_kittygram_static_is_available(
            deploy_file_info: tuple[Path, str],
            deploy_info_file_content: dict[str, str],
            kittygram_link_key: str
    ) -> None:
        link = _get_validated_link(deploy_file_info, deploy_info_file_content,
                                   kittygram_link_key)
>       response = _make_safe_request(link)
                   ^^^^^^^^^^^^^^^^^^^^^^^^

tests\test_connection.py:122: 
_ _ _ _ _ _ _ _ _ _ _ _ _ _ _ _ _ _ _ _ _ _ _ _ _ _ _ _ _ _ _ _ _ _ _ _ _ _ _ _

link = 'https://kittygram-final10.duckdns.org', stream = False

    def _make_safe_request(link: str, stream: bool = False) -> requests.Response:
        try:
            response = requests.get(link, stream=stream, timeout=15)
        except requests.exceptions.SSLError:
            raise AssertionError(
                f'Убедитесь, что настроили шифрование для `{link}`.'
            )
        except requests.exceptions.ConnectionError:
            raise AssertionError(
                f'Убедитесь, что URL `{link}` доступен.'
            )
        expected_status = HTTPStatus.OK
>       assert response.status_code == expected_status, (
            f'Убедитесь, что GET-запрос к `{link}` возвращает ответ со статусом '
            f'{int(expected_status)}.'
        )
E       AssertionError: Убедитесь, что GET-запрос к `https://kittygram-final10.duckdns.org` возвращает ответ со статусом 200.
E       assert 500 == <HTTPStatus.OK: 200>
E        +  where 500 = <Response [500]>.status_code

tests\test_connection.py:49: AssertionError
=========================== short test summary info ===========================
FAILED tests/test_connection.py::test_link_connection[taski_domain] - requests.exceptions.ReadTimeout: HTTPSConnectionPool(host='taski-docker10.duckdns.org', port=443): Read timed out. (read timeout=15)
FAILED tests/test_connection.py::test_link_connection[kittygram_domain] - AssertionError: Убедитесь, что GET-запрос к `https://kittygram-final10.duckdns.org` возвращает ответ со статусом 200.
assert 500 == <HTTPStatus.OK: 200>
 +  where 500 = <Response [500]>.status_code
FAILED tests/test_connection.py::test_projects_on_same_ip - AssertionError: Убедитесь, что GET-запрос к `https://kittygram-final10.duckdns.org` возвращает ответ со статусом 200.
assert 500 == <HTTPStatus.OK: 200>
 +  where 500 = <Response [500]>.status_code
FAILED tests/test_connection.py::test_kittygram_static_is_available - AssertionError: Убедитесь, что GET-запрос к `https://kittygram-final10.duckdns.org` возвращает ответ со статусом 200.
assert 500 == <HTTPStatus.OK: 200>
 +  where 500 = <Response [500]>.status_code
================== 4 failed, 9 passed, 2 warnings in 36.38s ===================
